# JRE version: OpenJDK Runtime Environment (11.0.8+10) (build 11.0.8+10-b944.6842174)
# Java VM: OpenJDK 64-Bit Server VM (11.0.8+10-b944.6842174, mixed mode, tiered, compressed oops, g1 gc, windows-amd64)
Heap:
 garbage-first heap   total 558080K, used 264192K [0x0000000080000000, 0x0000000100000000)
  region size 1024K, 2 young (2048K), 2 survivors (2048K)
 Metaspace       used 151411K, capacity 155888K, committed 156288K, reserved 1185792K
  class space    used 18503K, capacity 20131K, committed 20352K, reserved 1048576K
GC Heap History (20 events):
Event: 590.380 GC heap after
{Heap after GC invocations=127 (full 0):
 garbage-first heap   total 254976K, used 222721K [0x0000000080000000, 0x0000000100000000)
  region size 1024K, 2 young (2048K), 2 survivors (2048K)
 Metaspace       used 151119K, capacity 155619K, committed 156288K, reserved 1185792K
  class space    used 18486K, capacity 20128K, committed 20352K, reserved 1048576K
}
Event: 590.501 GC heap before
{Heap before GC invocations=127 (full 0):
 garbage-first heap   total 254976K, used 232961K [0x0000000080000000, 0x0000000100000000)
  region size 1024K, 12 young (12288K), 2 survivors (2048K)
 Metaspace       used 151119K, capacity 155619K, committed 156288K, reserved 1185792K
  class space    used 18486K, capacity 20128K, committed 20352K, reserved 1048576K
}
Event: 590.573 GC heap after
{Heap after GC invocations=128 (full 0):
 garbage-first heap   total 254976K, used 213932K [0x0000000080000000, 0x0000000100000000)
  region size 1024K, 2 young (2048K), 2 survivors (2048K)
 Metaspace       used 151119K, capacity 155619K, committed 156288K, reserved 1185792K
  class space    used 18486K, capacity 20128K, committed 20352K, reserved 1048576K
}
Event: 590.752 GC heap before
{Heap before GC invocations=128 (full 0):
 garbage-first heap   total 254976K, used 224172K [0x0000000080000000, 0x0000000100000000)
  region size 1024K, 12 young (12288K), 2 survivors (2048K)
 Metaspace       used 151239K, capacity 155696K, committed 156288K, reserved 1185792K
  class space    used 18499K, capacity 20132K, committed 20352K, reserved 1048576K
}
Event: 590.797 GC heap after
{Heap after GC invocations=129 (full 0):
 garbage-first heap   total 254976K, used 212480K [0x0000000080000000, 0x0000000100000000)
  region size 1024K, 2 young (2048K), 2 survivors (2048K)
 Metaspace       used 151239K, capacity 155696K, committed 156288K, reserved 1185792K
  class space    used 18499K, capacity 20132K, committed 20352K, reserved 1048576K
}
Event: 591.007 GC heap before
{Heap before GC invocations=129 (full 0):
 garbage-first heap   total 254976K, used 221696K [0x0000000080000000, 0x0000000100000000)
  region size 1024K, 12 young (12288K), 2 survivors (2048K)
 Metaspace       used 151282K, capacity 155761K, committed 156288K, reserved 1185792K
  class space    used 18499K, capacity 20132K, committed 20352K, reserved 1048576K
}
Event: 591.030 GC heap after
{Heap after GC invocations=130 (full 0):
 garbage-first heap   total 254976K, used 219136K [0x0000000080000000, 0x0000000100000000)
  region size 1024K, 2 young (2048K), 2 survivors (2048K)
 Metaspace       used 151282K, capacity 155761K, committed 156288K, reserved 1185792K
  class space    used 18499K, capacity 20132K, committed 20352K, reserved 1048576K
}
Event: 591.115 GC heap before
{Heap before GC invocations=130 (full 0):
 garbage-first heap   total 254976K, used 229376K [0x0000000080000000, 0x0000000100000000)
  region size 1024K, 12 young (12288K), 2 survivors (2048K)
 Metaspace       used 151296K, capacity 155761K, committed 156288K, reserved 1185792K
  class space    used 18499K, capacity 20132K, committed 20352K, reserved 1048576K
}
Event: 591.131 GC heap after
{Heap after GC invocations=131 (full 0):
 garbage-first heap   total 254976K, used 225636K [0x0000000080000000, 0x0000000100000000)
  region size 1024K, 2 young (2048K), 2 survivors (2048K)
 Metaspace       used 151296K, capacity 155761K, committed 156288K, reserved 1185792K
  class space    used 18499K, capacity 20132K, committed 20352K, reserved 1048576K
}
Event: 591.465 GC heap before
{Heap before GC invocations=131 (full 0):
 garbage-first heap   total 254976K, used 235876K [0x0000000080000000, 0x0000000100000000)
  region size 1024K, 12 young (12288K), 2 survivors (2048K)
 Metaspace       used 151312K, capacity 155761K, committed 156288K, reserved 1185792K
  class space    used 18499K, capacity 20132K, committed 20352K, reserved 1048576K
}
Event: 591.485 GC heap after
{Heap after GC invocations=132 (full 0):
 garbage-first heap   total 254976K, used 232020K [0x0000000080000000, 0x0000000100000000)
  region size 1024K, 2 young (2048K), 2 survivors (2048K)
 Metaspace       used 151312K, capacity 155761K, committed 156288K, reserved 1185792K
  class space    used 18499K, capacity 20132K, committed 20352K, reserved 1048576K
}
Event: 591.595 GC heap before
{Heap before GC invocations=132 (full 0):
 garbage-first heap   total 254976K, used 242260K [0x0000000080000000, 0x0000000100000000)
  region size 1024K, 12 young (12288K), 2 survivors (2048K)
 Metaspace       used 151318K, capacity 155826K, committed 156288K, reserved 1185792K
  class space    used 18499K, capacity 20132K, committed 20352K, reserved 1048576K
}
Event: 591.612 GC heap after
{Heap after GC invocations=133 (full 0):
 garbage-first heap   total 306176K, used 238440K [0x0000000080000000, 0x0000000100000000)
  region size 1024K, 2 young (2048K), 2 survivors (2048K)
 Metaspace       used 151318K, capacity 155826K, committed 156288K, reserved 1185792K
  class space    used 18499K, capacity 20132K, committed 20352K, reserved 1048576K
}
Event: 592.062 GC heap before
{Heap before GC invocations=133 (full 0):
 garbage-first heap   total 306176K, used 252776K [0x0000000080000000, 0x0000000100000000)
  region size 1024K, 16 young (16384K), 2 survivors (2048K)
 Metaspace       used 151317K, capacity 155815K, committed 156288K, reserved 1185792K
  class space    used 18497K, capacity 20128K, committed 20352K, reserved 1048576K
}
Event: 592.082 GC heap after
{Heap after GC invocations=134 (full 0):
 garbage-first heap   total 306176K, used 246784K [0x0000000080000000, 0x0000000100000000)
  region size 1024K, 2 young (2048K), 2 survivors (2048K)
 Metaspace       used 151317K, capacity 155815K, committed 156288K, reserved 1185792K
  class space    used 18497K, capacity 20128K, committed 20352K, reserved 1048576K
}
Event: 592.693 GC heap before
{Heap before GC invocations=135 (full 0):
 garbage-first heap   total 306176K, used 259072K [0x0000000080000000, 0x0000000100000000)
  region size 1024K, 14 young (14336K), 2 survivors (2048K)
 Metaspace       used 151393K, capacity 155879K, committed 156288K, reserved 1185792K
  class space    used 18500K, capacity 20128K, committed 20352K, reserved 1048576K
}
Event: 592.720 GC heap after
{Heap after GC invocations=136 (full 0):
 garbage-first heap   total 306176K, used 253952K [0x0000000080000000, 0x0000000100000000)
  region size 1024K, 2 young (2048K), 2 survivors (2048K)
 Metaspace       used 151393K, capacity 155879K, committed 156288K, reserved 1185792K
  class space    used 18500K, capacity 20128K, committed 20352K, reserved 1048576K
}
Event: 592.924 GC heap before
{Heap before GC invocations=136 (full 0):
 garbage-first heap   total 306176K, used 266240K [0x0000000080000000, 0x0000000100000000)
  region size 1024K, 14 young (14336K), 2 survivors (2048K)
 Metaspace       used 151395K, capacity 155879K, committed 156288K, reserved 1185792K
  class space    used 18500K, capacity 20128K, committed 20352K, reserved 1048576K
}
Event: 592.962 GC heap after
{Heap after GC invocations=137 (full 0):
 garbage-first heap   total 306176K, used 257357K [0x0000000080000000, 0x0000000100000000)
  region size 1024K, 2 young (2048K), 2 survivors (2048K)
 Metaspace       used 151395K, capacity 155879K, committed 156288K, reserved 1185792K
  class space    used 18500K, capacity 20128K, committed 20352K, reserved 1048576K
}
Event: 593.137 GC heap before
{Heap before GC invocations=137 (full 0):
 garbage-first heap   total 306176K, used 269645K [0x0000000080000000, 0x0000000100000000)
  region size 1024K, 14 young (14336K), 2 survivors (2048K)
 Metaspace       used 151411K, capacity 155888K, committed 156288K, reserved 1185792K
  class space    used 18503K, capacity 20131K, committed 20352K, reserved 1048576K
}

