# JRE version: OpenJDK Runtime Environment (11.0.8+10) (build 11.0.8+10-b944.6842174)
# Java VM: OpenJDK 64-Bit Server VM (11.0.8+10-b944.6842174, mixed mode, tiered, compressed oops, g1 gc, windows-amd64)
Heap:
 garbage-first heap   total 147456K, used 48029K [0x0000000089000000, 0x0000000100000000)
  region size 1024K, 13 young (13312K), 8 survivors (8192K)
 Metaspace       used 54531K, capacity 55311K, committed 55452K, reserved 1097728K
  class space    used 6269K, capacity 6567K, committed 6604K, reserved 1048576K
GC Heap History (14 events):
Event: 1.049 GC heap before
{Heap before GC invocations=0 (full 0):
 garbage-first heap   total 122880K, used 17408K [0x0000000089000000, 0x0000000100000000)
  region size 1024K, 14 young (14336K), 0 survivors (0K)
 Metaspace       used 9790K, capacity 9935K, committed 10112K, reserved 1058816K
  class space    used 831K, capacity 884K, committed 896K, reserved 1048576K
}
Event: 1.052 GC heap after
{Heap after GC invocations=1 (full 0):
 garbage-first heap   total 122880K, used 5144K [0x0000000089000000, 0x0000000100000000)
  region size 1024K, 2 young (2048K), 2 survivors (2048K)
 Metaspace       used 9790K, capacity 9935K, committed 10112K, reserved 1058816K
  class space    used 831K, capacity 884K, committed 896K, reserved 1048576K
}
Event: 4.693 GC heap before
{Heap before GC invocations=1 (full 0):
 garbage-first heap   total 122880K, used 51224K [0x0000000089000000, 0x0000000100000000)
  region size 1024K, 48 young (49152K), 2 survivors (2048K)
 Metaspace       used 21000K, capacity 21178K, committed 21248K, reserved 1069056K
  class space    used 2227K, capacity 2291K, committed 2304K, reserved 1048576K
}
Event: 4.719 GC heap after
{Heap after GC invocations=2 (full 0):
 garbage-first heap   total 122880K, used 9469K [0x0000000089000000, 0x0000000100000000)
  region size 1024K, 7 young (7168K), 7 survivors (7168K)
 Metaspace       used 21000K, capacity 21178K, committed 21248K, reserved 1069056K
  class space    used 2227K, capacity 2291K, committed 2304K, reserved 1048576K
}
Event: 7.783 GC heap before
{Heap before GC invocations=3 (full 0):
 garbage-first heap   total 122880K, used 70909K [0x0000000089000000, 0x0000000100000000)
  region size 1024K, 55 young (56320K), 7 survivors (7168K)
 Metaspace       used 30713K, capacity 31190K, committed 31228K, reserved 1077248K
  class space    used 3634K, capacity 3831K, committed 3840K, reserved 1048576K
}
Event: 7.814 GC heap after
{Heap after GC invocations=4 (full 0):
 garbage-first heap   total 122880K, used 23657K [0x0000000089000000, 0x0000000100000000)
  region size 1024K, 6 young (6144K), 6 survivors (6144K)
 Metaspace       used 30713K, capacity 31190K, committed 31228K, reserved 1077248K
  class space    used 3634K, capacity 3831K, committed 3840K, reserved 1048576K
}
Event: 8.777 GC heap before
{Heap before GC invocations=4 (full 0):
 garbage-first heap   total 122880K, used 46185K [0x0000000089000000, 0x0000000100000000)
  region size 1024K, 29 young (29696K), 6 survivors (6144K)
 Metaspace       used 35445K, capacity 35937K, committed 36048K, reserved 1081344K
  class space    used 4140K, capacity 4322K, committed 4352K, reserved 1048576K
}
Event: 8.804 GC heap after
{Heap after GC invocations=5 (full 0):
 garbage-first heap   total 122880K, used 24576K [0x0000000089000000, 0x0000000100000000)
  region size 1024K, 3 young (3072K), 3 survivors (3072K)
 Metaspace       used 35445K, capacity 35937K, committed 36048K, reserved 1081344K
  class space    used 4140K, capacity 4322K, committed 4352K, reserved 1048576K
}
Event: 10.517 GC heap before
{Heap before GC invocations=6 (full 0):
 garbage-first heap   total 122880K, used 72704K [0x0000000089000000, 0x0000000100000000)
  region size 1024K, 49 young (50176K), 3 survivors (3072K)
 Metaspace       used 44484K, capacity 45082K, committed 45468K, reserved 1089536K
  class space    used 5237K, capacity 5447K, committed 5580K, reserved 1048576K
}
Event: 10.541 GC heap after
{Heap after GC invocations=7 (full 0):
 garbage-first heap   total 122880K, used 29487K [0x0000000089000000, 0x0000000100000000)
  region size 1024K, 7 young (7168K), 7 survivors (7168K)
 Metaspace       used 44484K, capacity 45082K, committed 45468K, reserved 1089536K
  class space    used 5237K, capacity 5447K, committed 5580K, reserved 1048576K
}
Event: 12.068 GC heap before
{Heap before GC invocations=7 (full 0):
 garbage-first heap   total 122880K, used 78639K [0x0000000089000000, 0x0000000100000000)
  region size 1024K, 53 young (54272K), 7 survivors (7168K)
 Metaspace       used 50911K, capacity 51584K, committed 51868K, reserved 1095680K
  class space    used 5997K, capacity 6286K, committed 6348K, reserved 1048576K
}
Event: 12.094 GC heap after
{Heap after GC invocations=8 (full 0):
 garbage-first heap   total 147456K, used 33939K [0x0000000089000000, 0x0000000100000000)
  region size 1024K, 4 young (4096K), 4 survivors (4096K)
 Metaspace       used 50911K, capacity 51584K, committed 51868K, reserved 1095680K
  class space    used 5997K, capacity 6286K, committed 6348K, reserved 1048576K
}
Event: 14.342 GC heap before
{Heap before GC invocations=8 (full 0):
 garbage-first heap   total 147456K, used 90259K [0x0000000089000000, 0x0000000100000000)
  region size 1024K, 59 young (60416K), 4 survivors (4096K)
 Metaspace       used 54187K, capacity 54840K, committed 55196K, reserved 1097728K
  class space    used 6226K, capacity 6495K, committed 6604K, reserved 1048576K
}
Event: 14.408 GC heap after
{Heap after GC invocations=9 (full 0):
 garbage-first heap   total 147456K, used 43933K [0x0000000089000000, 0x0000000100000000)
  region size 1024K, 8 young (8192K), 8 survivors (8192K)
 Metaspace       used 54187K, capacity 54840K, committed 55196K, reserved 1097728K
  class space    used 6226K, capacity 6495K, committed 6604K, reserved 1048576K
}

